<?xml version="1.0" encoding="UTF-8"?>
<!-- Generated by org.testng.reporters.JUnitReportReporter -->
<testsuite skipped="0" hostname="Umangs-MacBook-Air.local" name="com.singleton.test.TestSingleton" tests="1" failures="0" timestamp="2021-02-10T01:02:11 IST" time="11.910" errors="0">
  <testcase name="testMethod" time="11.910" classname="com.singleton.test.TestSingleton"/>
  <system-out/>
</testsuite> <!-- com.singleton.test.TestSingleton -->
